<?xml version="1.0" encoding="UTF-8"?>
<testng-results ignored="0" total="0" passed="0" failed="0" skipped="0">
  <reporter-output>
  </reporter-output>
  <suite started-at="2022-10-07T08:19:26 CEST" name="Default suite" finished-at="2022-10-07T08:19:49 CEST" duration-ms="22765">
    <groups>
    </groups>
    <test started-at="2022-10-07T08:19:26 CEST" name="Default test" finished-at="2022-10-07T08:19:49 CEST" duration-ms="22765">
      <class name="CreateVersionTest">
        <test-method is-config="true" signature="setUp()[pri:0, instance:CreateVersionTest@52719fb6]" started-at="2022-10-07T08:19:26 CEST" name="setUp" finished-at="2022-10-07T08:19:49 CEST" duration-ms="22744" status="PASS">
          <reporter-output>
          </reporter-output>
        </test-method> <!-- setUp -->
        <test-method is-config="true" signature="terminateBrowser()[pri:0, instance:CreateVersionTest@52719fb6]" started-at="2022-10-07T08:19:49 CEST" name="terminateBrowser" finished-at="2022-10-07T08:19:49 CEST" duration-ms="0" status="PASS">
          <reporter-output>
          </reporter-output>
        </test-method> <!-- terminateBrowser -->
      </class> <!-- CreateVersionTest -->
    </test> <!-- Default test -->
  </suite> <!-- Default suite -->
</testng-results>
